<?xml version="1.0" encoding="UTF-8"?>
<!-- Generated by org.testng.reporters.JUnitXMLReporter -->
<testsuite ignored="0" hostname="PG0238V9" failures="0" tests="1" name="Jenkins_Training" time="0.031" errors="0" timestamp="2024-06-21T10:52:20 IST">
  <testcase classname="training.Jenkins" name="@BeforeMethod beforelogin" time="-1.718947339973E9">
    <failure type="org.testng.TestNGException" message="
Method beforelogin requires 1 parameters but 2 were supplied in the BeforeMethod annotation.">
      <![CDATA[org.testng.TestNGException: 
Method beforelogin requires 1 parameters but 2 were supplied in the BeforeMethod annotation.
at java.base/java.util.ArrayList.forEach(ArrayList.java:1511)
... Removed 31 stack frames]]>
    </failure>
  </testcase> <!-- @BeforeMethod beforelogin -->
  <testcase classname="training.Jenkins" name="@AfterMethod logOut" time="-1.718947339982E9">
    <skipped/>
  </testcase> <!-- @AfterMethod logOut -->
  <testcase classname="training.Jenkins" name="Test1_Login_Site" time="0.0">
    <skipped/>
  </testcase> <!-- Test1_Login_Site -->
</testsuite> <!-- Jenkins_Training -->
